set names utf8
show databases
set names utf8
show databases
set names utf8
show databases
set names utf8
show databases
set names utf8
show databases
set names utf8
show databases
set names utf8
show databases
set names utf8
insert into test () values ('')
set names utf8
insert into test (d) values ('2')
set names utf8
insert into fy_user (username) values ('fyibmsd')
set names utf8
insert into fy_user (username,password) values ('fyibmsd','fyibmsd')
set names utf8
insert into fy_user (username,password) values ('fyibmsd','fyibmsd')
set names utf8
insert into fy_user (username,password) values ('fyibmsd','fyibmsd')
set names utf8
insert into fy_user (username,password) values ('fyibmsd','fyibmsd')
set names utf8
insert into fy_user () values ('')
set names utf8
set names utf8
set names utf8
set names utf8
